#
# There is insufficient memory for the Java Runtime Environment to continue.
# Native memory allocation (mmap) failed to map 317194240 bytes for committing reserved memory.
# Possible reasons:
#   The system is out of physical RAM or swap space
#   The process is running with CompressedOops enabled, and the Java Heap may be blocking the growth of the native heap
# Possible solutions:
#   Reduce memory load on the system
#   Increase physical memory or swap space
#   Check if swap backing store is full
#   Decrease Java heap size (-Xmx/-Xms)
#   Decrease number of Java threads
#   Decrease Java thread stack sizes (-Xss)
#   Set larger code cache with -XX:ReservedCodeCacheSize=
#   JVM is running with Unscaled Compressed Oops mode in which the Java heap is
#     placed in the first 4GB address space. The Java Heap base address is the
#     maximum limit for the native heap growth. Please use -XX:HeapBaseMinAddress
#     to set the Java Heap base and to place the Java Heap above 4GB virtual address.
# This output file may be truncated or incomplete.
#
#  Out of Memory Error (os_linux.cpp:2756), pid=13861, tid=0x00007f03b17f5700
#
# JRE version: OpenJDK Runtime Environment (8.0_212-b03) (build 1.8.0_212-8u212-b03-0ubuntu1.18.04.1-b03)
# Java VM: OpenJDK 64-Bit Server VM (25.212-b03 mixed mode linux-amd64 compressed oops)
# Failed to write core dump. Core dumps have been disabled. To enable core dumping, try "ulimit -c unlimited" before starting Java again
#

---------------  T H R E A D  ---------------

Current thread (0x00007f03c8142000):  VMThread [stack: 0x00007f03b16f6000,0x00007f03b17f6000] [id=13876]

Stack: [0x00007f03b16f6000,0x00007f03b17f6000],  sp=0x00007f03b17f4780,  free space=1017k
Native frames: (J=compiled Java code, j=interpreted, Vv=VM code, C=native code)
V  [libjvm.so+0xab46a2]
V  [libjvm.so+0x4db6b7]
V  [libjvm.so+0x8ef7b0]
V  [libjvm.so+0x8e68ce]
V  [libjvm.so+0x96a406]
V  [libjvm.so+0x95905a]
V  [libjvm.so+0x95924d]
V  [libjvm.so+0x959548]
V  [libjvm.so+0x916a39]
V  [libjvm.so+0xab6372]
V  [libjvm.so+0xabaea6]
V  [libjvm.so+0xab91e5]
V  [libjvm.so+0xab9abd]
V  [libjvm.so+0xab9e97]
V  [libjvm.so+0x8ecb42]

VM_Operation (0x00007f03d0625620): ParallelGCFailedAllocation, mode: safepoint, requested by thread 0x00007f03c800d000


---------------  P R O C E S S  ---------------

Java Threads: ( => current thread )
  0x00007f038c001000 JavaThread "Attach Listener" daemon [_thread_blocked, id=13899, stack(0x00007f03b0105000,0x00007f03b0206000)]
  0x00007f03c8243000 JavaThread "Service Thread" daemon [_thread_blocked, id=13893, stack(0x00007f03b0307000,0x00007f03b0408000)]
  0x00007f03c823e000 JavaThread "C1 CompilerThread2" daemon [_thread_blocked, id=13892, stack(0x00007f03b0409000,0x00007f03b0509000)]
  0x00007f03c823c000 JavaThread "C2 CompilerThread1" daemon [_thread_blocked, id=13891, stack(0x00007f03b050a000,0x00007f03b060a000)]
  0x00007f03c8236000 JavaThread "C2 CompilerThread0" daemon [_thread_blocked, id=13890, stack(0x00007f03b0822000,0x00007f03b0922000)]
  0x00007f03c8234000 JavaThread "Monitor Ctrl-Break" daemon [_thread_in_native, id=13889, stack(0x00007f03b0922000,0x00007f03b0a23000)]
  0x00007f03c8180000 JavaThread "Signal Dispatcher" daemon [_thread_blocked, id=13885, stack(0x00007f03b0a23000,0x00007f03b0b24000)]
  0x00007f03c814e000 JavaThread "Finalizer" daemon [_thread_blocked, id=13880, stack(0x00007f03b14f3000,0x00007f03b15f4000)]
  0x00007f03c814b800 JavaThread "Reference Handler" daemon [_thread_blocked, id=13878, stack(0x00007f03b15f4000,0x00007f03b16f5000)]
  0x00007f03c800d000 JavaThread "main" [_thread_blocked, id=13862, stack(0x00007f03d0527000,0x00007f03d0627000)]

Other Threads:
=>0x00007f03c8142000 VMThread [stack: 0x00007f03b16f6000,0x00007f03b17f6000] [id=13876]
  0x00007f03c8245800 WatcherThread [stack: 0x00007f03b0207000,0x00007f03b0307000] [id=13894]

VM state:at safepoint (normal execution)

VM Mutex/Monitor currently owned by a thread:  ([mutex/lock_event])
[0x00007f03c8009060] ExpandHeap_lock - owner thread: 0x00007f03c8142000
[0x00007f03c80096e0] Threads_lock - owner thread: 0x00007f03c8142000
[0x00007f03c8009be0] Heap_lock - owner thread: 0x00007f03c800d000

heap address: 0x00000000c4000000, size: 960 MB, Compressed Oops mode: 32-bit
Narrow klass base: 0x0000000000000000, Narrow klass shift: 3
Compressed class space size: 1073741824 Address: 0x0000000100000000

Heap:
 PSYoungGen      total 31232K, used 0K [0x00000000ec000000, 0x00000000ef580000, 0x0000000100000000)
  eden space 28672K, 0% used [0x00000000ec000000,0x00000000ec000000,0x00000000edc00000)
  from space 2560K, 0% used [0x00000000edc00000,0x00000000edc00000,0x00000000ede80000)
  to   space 1536K, 0% used [0x00000000ef400000,0x00000000ef400000,0x00000000ef580000)
 ParOldGen       total 345600K, used 274584K [0x00000000c4000000, 0x00000000d9180000, 0x00000000ec000000)
  object space 345600K, 79% used [0x00000000c4000000,0x00000000d4c26210,0x00000000d9180000)
 Metaspace       used 3915K, capacity 4572K, committed 4864K, reserved 1056768K
  class space    used 427K, capacity 460K, committed 512K, reserved 1048576K

Card table byte_map: [0x00007f03cc6d2000,0x00007f03cc8b3000] byte_map_base: 0x00007f03cc0b2000

Marking Bits: (ParMarkBitMap*) 0x00007f03cf7bc3c0
 Begin Bits: [0x00007f03b2200000, 0x00007f03b3100000)
 End Bits:   [0x00007f03b3100000, 0x00007f03b4000000)

Polling page: 0x00007f03d063d000

CodeCache: size=245760Kb used=1287Kb max_used=1300Kb free=244472Kb
 bounds [0x00007f03b9000000, 0x00007f03b9270000, 0x00007f03c8000000]
 total_blobs=367 nmethods=103 adapters=179
 compilation: enabled

Compilation events (10 events):
Event: 9.676 Thread 0x00007f03c823c000   99       4       java.util.ArrayList::add (29 bytes)
Event: 9.676 Thread 0x00007f03c8236000  100       4       java.lang.Integer::valueOf (32 bytes)
Event: 9.678 Thread 0x00007f03c8236000 nmethod 100 0x00007f03b913a0d0 code [0x00007f03b913a220, 0x00007f03b913a2d8]
Event: 9.679 Thread 0x00007f03c823c000 nmethod 99 0x00007f03b9138710 code [0x00007f03b9138880, 0x00007f03b9138a08]
Event: 9.684 Thread 0x00007f03c823e000  101 %     3       Practice.CB_May.cookoff5::main @ 224 (357 bytes)
Event: 9.688 Thread 0x00007f03c823e000 nmethod 101% 0x00007f03b913bc10 code [0x00007f03b913c060, 0x00007f03b913ed38]
Event: 9.688 Thread 0x00007f03c823e000  102       3       Practice.CB_May.cookoff5::main (357 bytes)
Event: 9.690 Thread 0x00007f03c823e000 nmethod 102 0x00007f03b9140dd0 code [0x00007f03b9141220, 0x00007f03b9143c98]
Event: 9.690 Thread 0x00007f03c8236000  103 %     4       Practice.CB_May.cookoff5::main @ 224 (357 bytes)
Event: 9.695 Thread 0x00007f03c8236000 nmethod 103% 0x00007f03b9137cd0 code [0x00007f03b9137e60, 0x00007f03b9138348]

GC Heap History (10 events):
Event: 17.874 GC heap before
{Heap before GC invocations=3 (full 0):
 PSYoungGen      total 17920K, used 896K [0x00000000ec000000, 0x00000000ee300000, 0x0000000100000000)
  eden space 15360K, 0% used [0x00000000ec000000,0x00000000ec000000,0x00000000ecf00000)
  from space 2560K, 35% used [0x00000000ed180000,0x00000000ed260020,0x00000000ed400000)
  to   space 2560K, 0% used [0x00000000ecf00000,0x00000000ecf00000,0x00000000ed180000)
 ParOldGen       total 655360K, used 529394K [0x00000000c4000000, 0x00000000ec000000, 0x00000000ec000000)
  object space 655360K, 80% used [0x00000000c4000000,0x00000000e44fc810,0x00000000ec000000)
 Metaspace       used 3915K, capacity 4572K, committed 4864K, reserved 1056768K
  class space    used 427K, capacity 460K, committed 512K, reserved 1048576K
Event: 18.336 GC heap after
Heap after GC invocations=3 (full 0):
 PSYoungGen      total 17920K, used 832K [0x00000000ec000000, 0x00000000ee300000, 0x0000000100000000)
  eden space 15360K, 0% used [0x00000000ec000000,0x00000000ec000000,0x00000000ecf00000)
  from space 2560K, 32% used [0x00000000ecf00000,0x00000000ecfd0020,0x00000000ed180000)
  to   space 2560K, 0% used [0x00000000ee080000,0x00000000ee080000,0x00000000ee300000)
 ParOldGen       total 655360K, used 529394K [0x00000000c4000000, 0x00000000ec000000, 0x00000000ec000000)
  object space 655360K, 80% used [0x00000000c4000000,0x00000000e44fc810,0x00000000ec000000)
 Metaspace       used 3915K, capacity 4572K, committed 4864K, reserved 1056768K
  class space    used 427K, capacity 460K, committed 512K, reserved 1048576K
}
Event: 18.336 GC heap before
{Heap before GC invocations=4 (full 1):
 PSYoungGen      total 17920K, used 832K [0x00000000ec000000, 0x00000000ee300000, 0x0000000100000000)
  eden space 15360K, 0% used [0x00000000ec000000,0x00000000ec000000,0x00000000ecf00000)
  from space 2560K, 32% used [0x00000000ecf00000,0x00000000ecfd0020,0x00000000ed180000)
  to   space 2560K, 0% used [0x00000000ee080000,0x00000000ee080000,0x00000000ee300000)
 ParOldGen       total 655360K, used 529394K [0x00000000c4000000, 0x00000000ec000000, 0x00000000ec000000)
  object space 655360K, 80% used [0x00000000c4000000,0x00000000e44fc810,0x00000000ec000000)
 Metaspace       used 3915K, capacity 4572K, committed 4864K, reserved 1056768K
  class space    used 427K, capacity 460K, committed 512K, reserved 1048576K
Event: 19.672 GC heap after
Heap after GC invocations=4 (full 1):
 PSYoungGen      total 17920K, used 0K [0x00000000ec000000, 0x00000000ee300000, 0x0000000100000000)
  eden space 15360K, 0% used [0x00000000ec000000,0x00000000ec000000,0x00000000ecf00000)
  from space 2560K, 0% used [0x00000000ecf00000,0x00000000ecf00000,0x00000000ed180000)
  to   space 2560K, 0% used [0x00000000ee080000,0x00000000ee080000,0x00000000ee300000)
 ParOldGen       total 231936K, used 183320K [0x00000000c4000000, 0x00000000d2280000, 0x00000000ec000000)
  object space 231936K, 79% used [0x00000000c4000000,0x00000000cf306068,0x00000000d2280000)
 Metaspace       used 3915K, capacity 4572K, committed 4864K, reserved 1056768K
  class space    used 427K, capacity 460K, committed 512K, reserved 1048576K
}
Event: 19.997 GC heap before
{Heap before GC invocations=5 (full 1):
 PSYoungGen      total 17920K, used 0K [0x00000000ec000000, 0x00000000ee300000, 0x0000000100000000)
  eden space 15360K, 0% used [0x00000000ec000000,0x00000000ec000000,0x00000000ecf00000)
  from space 2560K, 0% used [0x00000000ecf00000,0x00000000ecf00000,0x00000000ed180000)
  to   space 2560K, 0% used [0x00000000ee080000,0x00000000ee080000,0x00000000ee300000)
 ParOldGen       total 655360K, used 457113K [0x00000000c4000000, 0x00000000ec000000, 0x00000000ec000000)
  object space 655360K, 69% used [0x00000000c4000000,0x00000000dfe66570,0x00000000ec000000)
 Metaspace       used 3915K, capacity 4572K, committed 4864K, reserved 1056768K
  class space    used 427K, capacity 460K, committed 512K, reserved 1048576K
Event: 20.061 GC heap after
Heap after GC invocations=5 (full 1):
 PSYoungGen      total 28160K, used 0K [0x00000000ec000000, 0x00000000ee100000, 0x0000000100000000)
  eden space 27648K, 0% used [0x00000000ec000000,0x00000000ec000000,0x00000000edb00000)
  from space 512K, 0% used [0x00000000ee080000,0x00000000ee080000,0x00000000ee100000)
  to   space 2560K, 0% used [0x00000000edc00000,0x00000000edc00000,0x00000000ede80000)
 ParOldGen       total 655360K, used 457113K [0x00000000c4000000, 0x00000000ec000000, 0x00000000ec000000)
  object space 655360K, 69% used [0x00000000c4000000,0x00000000dfe66570,0x00000000ec000000)
 Metaspace       used 3915K, capacity 4572K, committed 4864K, reserved 1056768K
  class space    used 427K, capacity 460K, committed 512K, reserved 1048576K
}
Event: 20.061 GC heap before
{Heap before GC invocations=6 (full 1):
 PSYoungGen      total 28160K, used 0K [0x00000000ec000000, 0x00000000ee100000, 0x0000000100000000)
  eden space 27648K, 0% used [0x00000000ec000000,0x00000000ec000000,0x00000000edb00000)
  from space 512K, 0% used [0x00000000ee080000,0x00000000ee080000,0x00000000ee100000)
  to   space 2560K, 0% used [0x00000000edc00000,0x00000000edc00000,0x00000000ede80000)
 ParOldGen       total 655360K, used 457113K [0x00000000c4000000, 0x00000000ec000000, 0x00000000ec000000)
  object space 655360K, 69% used [0x00000000c4000000,0x00000000dfe66570,0x00000000ec000000)
 Metaspace       used 3915K, capacity 4572K, committed 4864K, reserved 1056768K
  class space    used 427K, capacity 460K, committed 512K, reserved 1048576K
Event: 20.127 GC heap after
Heap after GC invocations=6 (full 1):
 PSYoungGen      total 31232K, used 0K [0x00000000ec000000, 0x00000000ef580000, 0x0000000100000000)
  eden space 28672K, 0% used [0x00000000ec000000,0x00000000ec000000,0x00000000edc00000)
  from space 2560K, 0% used [0x00000000edc00000,0x00000000edc00000,0x00000000ede80000)
  to   space 1536K, 0% used [0x00000000ef400000,0x00000000ef400000,0x00000000ef580000)
 ParOldGen       total 655360K, used 457113K [0x00000000c4000000, 0x00000000ec000000, 0x00000000ec000000)
  object space 655360K, 69% used [0x00000000c4000000,0x00000000dfe66570,0x00000000ec000000)
 Metaspace       used 3915K, capacity 4572K, committed 4864K, reserved 1056768K
  class space    used 427K, capacity 460K, committed 512K, reserved 1048576K
}
Event: 20.127 GC heap before
{Heap before GC invocations=7 (full 2):
 PSYoungGen      total 31232K, used 0K [0x00000000ec000000, 0x00000000ef580000, 0x0000000100000000)
  eden space 28672K, 0% used [0x00000000ec000000,0x00000000ec000000,0x00000000edc00000)
  from space 2560K, 0% used [0x00000000edc00000,0x00000000edc00000,0x00000000ede80000)
  to   space 1536K, 0% used [0x00000000ef400000,0x00000000ef400000,0x00000000ef580000)
 ParOldGen       total 655360K, used 457113K [0x00000000c4000000, 0x00000000ec000000, 0x00000000ec000000)
  object space 655360K, 69% used [0x00000000c4000000,0x00000000dfe66570,0x00000000ec000000)
 Metaspace       used 3915K, capacity 4572K, committed 4864K, reserved 1056768K
  class space    used 427K, capacity 460K, committed 512K, reserved 1048576K
Event: 22.425 GC heap after
Heap after GC invocations=7 (full 2):
 PSYoungGen      total 31232K, used 0K [0x00000000ec000000, 0x00000000ef580000, 0x0000000100000000)
  eden space 28672K, 0% used [0x00000000ec000000,0x00000000ec000000,0x00000000edc00000)
  from space 2560K, 0% used [0x00000000edc00000,0x00000000edc00000,0x00000000ede80000)
  to   space 1536K, 0% used [0x00000000ef400000,0x00000000ef400000,0x00000000ef580000)
 ParOldGen       total 345600K, used 274584K [0x00000000c4000000, 0x00000000d9180000, 0x00000000ec000000)
  object space 345600K, 79% used [0x00000000c4000000,0x00000000d4c26210,0x00000000d9180000)
 Metaspace       used 3915K, capacity 4572K, committed 4864K, reserved 1056768K
  class space    used 427K, capacity 460K, committed 512K, reserved 1048576K
}

Deoptimization events (0 events):
No events

Classes redefined (0 events):
No events

Internal exceptions (8 events):
Event: 0.028 Thread 0x00007f03c800d000 Exception <a 'java/lang/NoSuchMethodError': Method sun.misc.Unsafe.defineClass(Ljava/lang/String;[BII)Ljava/lang/Class; name or signature does not match> (0x00000000ec007cb0) thrown at [/build/openjdk-8-fPix8r/openjdk-8-8u212-b03/src/hotspot/src/share/vm/
Event: 0.028 Thread 0x00007f03c800d000 Exception <a 'java/lang/NoSuchMethodError': Method sun.misc.Unsafe.prefetchRead(Ljava/lang/Object;J)V name or signature does not match> (0x00000000ec007f98) thrown at [/build/openjdk-8-fPix8r/openjdk-8-8u212-b03/src/hotspot/src/share/vm/prims/jni.cpp, lin
Event: 0.127 Thread 0x00007f03c800d000 Exception <a 'java/security/PrivilegedActionException'> (0x00000000ec1e4ea8) thrown at [/build/openjdk-8-fPix8r/openjdk-8-8u212-b03/src/hotspot/src/share/vm/prims/jvm.cpp, line 1502]
Event: 0.127 Thread 0x00007f03c800d000 Exception <a 'java/security/PrivilegedActionException'> (0x00000000ec1e52a0) thrown at [/build/openjdk-8-fPix8r/openjdk-8-8u212-b03/src/hotspot/src/share/vm/prims/jvm.cpp, line 1502]
Event: 0.127 Thread 0x00007f03c800d000 Exception <a 'java/security/PrivilegedActionException'> (0x00000000ec1e7510) thrown at [/build/openjdk-8-fPix8r/openjdk-8-8u212-b03/src/hotspot/src/share/vm/prims/jvm.cpp, line 1502]
Event: 0.127 Thread 0x00007f03c800d000 Exception <a 'java/security/PrivilegedActionException'> (0x00000000ec1e7908) thrown at [/build/openjdk-8-fPix8r/openjdk-8-8u212-b03/src/hotspot/src/share/vm/prims/jvm.cpp, line 1502]
Event: 0.127 Thread 0x00007f03c800d000 Exception <a 'java/security/PrivilegedActionException'> (0x00000000ec1e85c8) thrown at [/build/openjdk-8-fPix8r/openjdk-8-8u212-b03/src/hotspot/src/share/vm/prims/jvm.cpp, line 1502]
Event: 0.127 Thread 0x00007f03c800d000 Exception <a 'java/security/PrivilegedActionException'> (0x00000000ec1e89c0) thrown at [/build/openjdk-8-fPix8r/openjdk-8-8u212-b03/src/hotspot/src/share/vm/prims/jvm.cpp, line 1502]

Events (10 events):
Event: 1.237 loading class java/util/LinkedHashMap$LinkedKeySet done
Event: 4.116 Executing VM operation: EnableBiasedLocking
Event: 4.116 Executing VM operation: EnableBiasedLocking done
Event: 9.696 Thread 0x00007f03c800d000 DEOPT PACKING pc=0x00007f03b913e9e1 sp=0x00007f03d06257f0
Event: 9.696 Thread 0x00007f03c800d000 DEOPT UNPACKING pc=0x00007f03b90474c4 sp=0x00007f03d0625658 mode 0
Event: 9.701 Executing VM operation: ParallelGCFailedAllocation
Event: 9.707 Executing VM operation: ParallelGCFailedAllocation done
Event: 15.070 Executing VM operation: ParallelGCFailedAllocation
Event: 19.755 Executing VM operation: ParallelGCFailedAllocation done
Event: 19.997 Executing VM operation: ParallelGCFailedAllocation


Dynamic libraries:
c4000000-d9180000 rw-p 00000000 00:00 0 
ec000000-ef580000 rw-p 00000000 00:00 0 
ef580000-100000000 ---p 00000000 00:00 0 
100000000-100080000 rw-p 00000000 00:00 0 
100080000-140000000 ---p 00000000 00:00 0 
559aceb5c000-559aceb5d000 r-xp 00000000 08:05 3153853                    /usr/lib/jvm/java-8-openjdk-amd64/jre/bin/java
559aced5c000-559aced5d000 r--p 00000000 08:05 3153853                    /usr/lib/jvm/java-8-openjdk-amd64/jre/bin/java
559aced5d000-559aced5e000 rw-p 00001000 08:05 3153853                    /usr/lib/jvm/java-8-openjdk-amd64/jre/bin/java
559acff4c000-559acff6d000 rw-p 00000000 00:00 0                          [heap]
7f0374000000-7f0374021000 rw-p 00000000 00:00 0 
7f0374021000-7f0378000000 ---p 00000000 00:00 0 
7f0378000000-7f0378021000 rw-p 00000000 00:00 0 
7f0378021000-7f037c000000 ---p 00000000 00:00 0 
7f037c000000-7f037c093000 rw-p 00000000 00:00 0 
7f037c093000-7f0380000000 ---p 00000000 00:00 0 
7f0380000000-7f0380021000 rw-p 00000000 00:00 0 
7f0380021000-7f0384000000 ---p 00000000 00:00 0 
7f0384000000-7f0384083000 rw-p 00000000 00:00 0 
7f0384083000-7f0388000000 ---p 00000000 00:00 0 
7f0388000000-7f0388042000 rw-p 00000000 00:00 0 
7f0388042000-7f038c000000 ---p 00000000 00:00 0 
7f038c000000-7f038c021000 rw-p 00000000 00:00 0 
7f038c021000-7f0390000000 ---p 00000000 00:00 0 
7f0390000000-7f039002c000 rw-p 00000000 00:00 0 
7f039002c000-7f0394000000 ---p 00000000 00:00 0 
7f0394000000-7f0394021000 rw-p 00000000 00:00 0 
7f0394021000-7f0398000000 ---p 00000000 00:00 0 
7f0398000000-7f0398021000 rw-p 00000000 00:00 0 
7f0398021000-7f039c000000 ---p 00000000 00:00 0 
7f039c000000-7f039c536000 rw-p 00000000 00:00 0 
7f039c536000-7f03a0000000 ---p 00000000 00:00 0 
7f03a0000000-7f03a0021000 rw-p 00000000 00:00 0 
7f03a0021000-7f03a4000000 ---p 00000000 00:00 0 
7f03a4000000-7f03a454e000 rw-p 00000000 00:00 0 
7f03a454e000-7f03a8000000 ---p 00000000 00:00 0 
7f03a8fff000-7f03ac000000 rw-p 00000000 00:00 0 
7f03ac000000-7f03ac4bd000 rw-p 00000000 00:00 0 
7f03ac4bd000-7f03b0000000 ---p 00000000 00:00 0 
7f03b0105000-7f03b0108000 ---p 00000000 00:00 0 
7f03b0108000-7f03b0206000 rw-p 00000000 00:00 0 
7f03b0206000-7f03b0207000 ---p 00000000 00:00 0 
7f03b0207000-7f03b0307000 rw-p 00000000 00:00 0 
7f03b0307000-7f03b030a000 ---p 00000000 00:00 0 
7f03b030a000-7f03b0408000 rw-p 00000000 00:00 0 
7f03b0408000-7f03b0409000 ---p 00000000 00:00 0 
7f03b0409000-7f03b040c000 ---p 00000000 00:00 0 
7f03b040c000-7f03b0509000 rw-p 00000000 00:00 0 
7f03b0509000-7f03b050a000 ---p 00000000 00:00 0 
7f03b050a000-7f03b050d000 ---p 00000000 00:00 0 
7f03b050d000-7f03b060a000 rw-p 00000000 00:00 0 
7f03b060a000-7f03b0620000 r-xp 00000000 08:05 3155673                    /usr/lib/jvm/java-8-openjdk-amd64/jre/lib/amd64/libnet.so
7f03b0620000-7f03b081f000 ---p 00016000 08:05 3155673                    /usr/lib/jvm/java-8-openjdk-amd64/jre/lib/amd64/libnet.so
7f03b081f000-7f03b0820000 r--p 00015000 08:05 3155673                    /usr/lib/jvm/java-8-openjdk-amd64/jre/lib/amd64/libnet.so
7f03b0820000-7f03b0821000 rw-p 00016000 08:05 3155673                    /usr/lib/jvm/java-8-openjdk-amd64/jre/lib/amd64/libnet.so
7f03b0821000-7f03b0822000 ---p 00000000 00:00 0 
7f03b0822000-7f03b0825000 ---p 00000000 00:00 0 
7f03b0825000-7f03b0922000 rw-p 00000000 00:00 0 
7f03b0922000-7f03b0925000 ---p 00000000 00:00 0 
7f03b0925000-7f03b0a23000 rw-p 00000000 00:00 0 
7f03b0a23000-7f03b0a26000 ---p 00000000 00:00 0 
7f03b0a26000-7f03b0b24000 rw-p 00000000 00:00 0 
7f03b0b24000-7f03b14f3000 r--p 00000000 08:05 3152582                    /usr/lib/locale/locale-archive
7f03b14f3000-7f03b14f6000 ---p 00000000 00:00 0 
7f03b14f6000-7f03b15f4000 rw-p 00000000 00:00 0 
7f03b15f4000-7f03b15f7000 ---p 00000000 00:00 0 
7f03b15f7000-7f03b16f5000 rw-p 00000000 00:00 0 
7f03b16f5000-7f03b16f6000 ---p 00000000 00:00 0 
7f03b16f6000-7f03b4000000 rw-p 00000000 00:00 0 
7f03b4000000-7f03b44eb000 rw-p 00000000 00:00 0 
7f03b44eb000-7f03b8000000 ---p 00000000 00:00 0 
7f03b8027000-7f03b803a000 r--s 00346000 08:05 3155723                    /usr/lib/jvm/java-8-openjdk-amd64/jre/lib/resources.jar
7f03b803a000-7f03b803e000 r--s 000a1000 08:05 3155718                    /usr/lib/jvm/java-8-openjdk-amd64/jre/lib/jsse.jar
7f03b803e000-7f03b8043000 r--s 002f9000 08:05 3155685                    /usr/lib/jvm/java-8-openjdk-amd64/jre/lib/charsets.jar
7f03b8043000-7f03b804d000 r--s 00116000 08:05 3155699                    /usr/lib/jvm/java-8-openjdk-amd64/jre/lib/ext/localedata.jar
7f03b804d000-7f03b8451000 rw-p 00000000 00:00 0 
7f03b8451000-7f03b8620000 r--s 03c3b000 08:05 3155724                    /usr/lib/jvm/java-8-openjdk-amd64/jre/lib/rt.jar
7f03b8620000-7f03b8a60000 rw-p 00000000 00:00 0 
7f03b8a60000-7f03b8e20000 ---p 00000000 00:00 0 
7f03b8e20000-7f03b9000000 rw-p 00000000 00:00 0 
7f03b9000000-7f03b9270000 rwxp 00000000 00:00 0 
7f03b9270000-7f03c8000000 ---p 00000000 00:00 0 
7f03c8000000-7f03c8272000 rw-p 00000000 00:00 0 
7f03c8272000-7f03cc000000 ---p 00000000 00:00 0 
7f03cc000000-7f03cc002000 r--s 0001b000 07:09 315                        /snap/intellij-idea-community/152/lib/idea_rt.jar
7f03cc002000-7f03cc004000 r--s 00016000 08:05 3155716                    /usr/lib/jvm/java-8-openjdk-amd64/jre/lib/jce.jar
7f03cc004000-7f03cc009000 r--s 0003c000 08:05 3155702                    /usr/lib/jvm/java-8-openjdk-amd64/jre/lib/ext/sunjce_provider.jar
7f03cc009000-7f03cc024000 r--s 00394000 08:05 3155695                    /usr/lib/jvm/java-8-openjdk-amd64/jre/lib/ext/cldrdata.jar
7f03cc024000-7f03cc03f000 r--s 001d6000 08:05 3155700                    /usr/lib/jvm/java-8-openjdk-amd64/jre/lib/ext/nashorn.jar
7f03cc03f000-7f03cc18e000 rw-p 00000000 00:00 0 
7f03cc18e000-7f03cc18f000 ---p 00000000 00:00 0 
7f03cc18f000-7f03cc28f000 rw-p 00000000 00:00 0 
7f03cc28f000-7f03cc290000 ---p 00000000 00:00 0 
7f03cc290000-7f03cc390000 rw-p 00000000 00:00 0 
7f03cc390000-7f03cc391000 ---p 00000000 00:00 0 
7f03cc391000-7f03cc491000 rw-p 00000000 00:00 0 
7f03cc491000-7f03cc492000 ---p 00000000 00:00 0 
7f03cc492000-7f03cc63b000 rw-p 00000000 00:00 0 
7f03cc63b000-7f03cc6d2000 ---p 00000000 00:00 0 
7f03cc6d2000-7f03cc77b000 rw-p 00000000 00:00 0 
7f03cc77b000-7f03cc812000 ---p 00000000 00:00 0 
7f03cc812000-7f03cc82d000 rw-p 00000000 00:00 0 
7f03cc82d000-7f03cc8b2000 ---p 00000000 00:00 0 
7f03cc8b2000-7f03cc8bd000 rw-p 00000000 00:00 0 
7f03cc8bd000-7f03ccc73000 ---p 00000000 00:00 0 
7f03ccc73000-7f03ccc7b000 r-xp 00000000 08:05 3155681                    /usr/lib/jvm/java-8-openjdk-amd64/jre/lib/amd64/libzip.so
7f03ccc7b000-7f03cce7a000 ---p 00008000 08:05 3155681                    /usr/lib/jvm/java-8-openjdk-amd64/jre/lib/amd64/libzip.so
7f03cce7a000-7f03cce7b000 r--p 00007000 08:05 3155681                    /usr/lib/jvm/java-8-openjdk-amd64/jre/lib/amd64/libzip.so
7f03cce7b000-7f03cce7c000 rw-p 00008000 08:05 3155681                    /usr/lib/jvm/java-8-openjdk-amd64/jre/lib/amd64/libzip.so
7f03cce7c000-7f03cce87000 r-xp 00000000 08:05 660374                     /lib/x86_64-linux-gnu/libnss_files-2.27.so
7f03cce87000-7f03cd086000 ---p 0000b000 08:05 660374                     /lib/x86_64-linux-gnu/libnss_files-2.27.so
7f03cd086000-7f03cd087000 r--p 0000a000 08:05 660374                     /lib/x86_64-linux-gnu/libnss_files-2.27.so
7f03cd087000-7f03cd088000 rw-p 0000b000 08:05 660374                     /lib/x86_64-linux-gnu/libnss_files-2.27.so
7f03cd088000-7f03cd08e000 rw-p 00000000 00:00 0 
7f03cd08e000-7f03cd0a5000 r-xp 00000000 08:05 660368                     /lib/x86_64-linux-gnu/libnsl-2.27.so
7f03cd0a5000-7f03cd2a4000 ---p 00017000 08:05 660368                     /lib/x86_64-linux-gnu/libnsl-2.27.so
7f03cd2a4000-7f03cd2a5000 r--p 00016000 08:05 660368                     /lib/x86_64-linux-gnu/libnsl-2.27.so
7f03cd2a5000-7f03cd2a6000 rw-p 00017000 08:05 660368                     /lib/x86_64-linux-gnu/libnsl-2.27.so
7f03cd2a6000-7f03cd2a8000 rw-p 00000000 00:00 0 
7f03cd2a8000-7f03cd2b3000 r-xp 00000000 08:05 660385                     /lib/x86_64-linux-gnu/libnss_nis-2.27.so
7f03cd2b3000-7f03cd4b2000 ---p 0000b000 08:05 660385                     /lib/x86_64-linux-gnu/libnss_nis-2.27.so
7f03cd4b2000-7f03cd4b3000 r--p 0000a000 08:05 660385                     /lib/x86_64-linux-gnu/libnss_nis-2.27.so
7f03cd4b3000-7f03cd4b4000 rw-p 0000b000 08:05 660385                     /lib/x86_64-linux-gnu/libnss_nis-2.27.so
7f03cd4b4000-7f03cd4bc000 r-xp 00000000 08:05 660370                     /lib/x86_64-linux-gnu/libnss_compat-2.27.so
7f03cd4bc000-7f03cd6bc000 ---p 00008000 08:05 660370                     /lib/x86_64-linux-gnu/libnss_compat-2.27.so
7f03cd6bc000-7f03cd6bd000 r--p 00008000 08:05 660370                     /lib/x86_64-linux-gnu/libnss_compat-2.27.so
7f03cd6bd000-7f03cd6be000 rw-p 00009000 08:05 660370                     /lib/x86_64-linux-gnu/libnss_compat-2.27.so
7f03cd6be000-7f03cd6c8000 r-xp 00000000 08:05 3155016                    /usr/lib/jvm/java-8-openjdk-amd64/jre/lib/amd64/libinstrument.so
7f03cd6c8000-7f03cd8c7000 ---p 0000a000 08:05 3155016                    /usr/lib/jvm/java-8-openjdk-amd64/jre/lib/amd64/libinstrument.so
7f03cd8c7000-7f03cd8c8000 r--p 00009000 08:05 3155016                    /usr/lib/jvm/java-8-openjdk-amd64/jre/lib/amd64/libinstrument.so
7f03cd8c8000-7f03cd8c9000 rw-p 0000a000 08:05 3155016                    /usr/lib/jvm/java-8-openjdk-amd64/jre/lib/amd64/libinstrument.so
7f03cd8c9000-7f03cd8f5000 r-xp 00000000 08:05 3155226                    /usr/lib/jvm/java-8-openjdk-amd64/jre/lib/amd64/libjava.so
7f03cd8f5000-7f03cdaf4000 ---p 0002c000 08:05 3155226                    /usr/lib/jvm/java-8-openjdk-amd64/jre/lib/amd64/libjava.so
7f03cdaf4000-7f03cdaf5000 r--p 0002b000 08:05 3155226                    /usr/lib/jvm/java-8-openjdk-amd64/jre/lib/amd64/libjava.so
7f03cdaf5000-7f03cdaf7000 rw-p 0002c000 08:05 3155226                    /usr/lib/jvm/java-8-openjdk-amd64/jre/lib/amd64/libjava.so
7f03cdaf7000-7f03cdb07000 r-xp 00000000 08:05 3155680                    /usr/lib/jvm/java-8-openjdk-amd64/jre/lib/amd64/libverify.so
7f03cdb07000-7f03cdd06000 ---p 00010000 08:05 3155680                    /usr/lib/jvm/java-8-openjdk-amd64/jre/lib/amd64/libverify.so
7f03cdd06000-7f03cdd08000 r--p 0000f000 08:05 3155680                    /usr/lib/jvm/java-8-openjdk-amd64/jre/lib/amd64/libverify.so
7f03cdd08000-7f03cdd09000 rw-p 00011000 08:05 3155680                    /usr/lib/jvm/java-8-openjdk-amd64/jre/lib/amd64/libverify.so
7f03cdd09000-7f03cdd10000 r-xp 00000000 08:05 660425                     /lib/x86_64-linux-gnu/librt-2.27.so
7f03cdd10000-7f03cdf0f000 ---p 00007000 08:05 660425                     /lib/x86_64-linux-gnu/librt-2.27.so
7f03cdf0f000-7f03cdf10000 r--p 00006000 08:05 660425                     /lib/x86_64-linux-gnu/librt-2.27.so
7f03cdf10000-7f03cdf11000 rw-p 00007000 08:05 660425                     /lib/x86_64-linux-gnu/librt-2.27.so
7f03cdf11000-7f03cdf28000 r-xp 00000000 08:05 660298                     /lib/x86_64-linux-gnu/libgcc_s.so.1
7f03cdf28000-7f03ce127000 ---p 00017000 08:05 660298                     /lib/x86_64-linux-gnu/libgcc_s.so.1
7f03ce127000-7f03ce128000 r--p 00016000 08:05 660298                     /lib/x86_64-linux-gnu/libgcc_s.so.1
7f03ce128000-7f03ce129000 rw-p 00017000 08:05 660298                     /lib/x86_64-linux-gnu/libgcc_s.so.1
7f03ce129000-7f03ce2c6000 r-xp 00000000 08:05 660347                     /lib/x86_64-linux-gnu/libm-2.27.so
7f03ce2c6000-7f03ce4c5000 ---p 0019d000 08:05 660347                     /lib/x86_64-linux-gnu/libm-2.27.so
7f03ce4c5000-7f03ce4c6000 r--p 0019c000 08:05 660347                     /lib/x86_64-linux-gnu/libm-2.27.so
7f03ce4c6000-7f03ce4c7000 rw-p 0019d000 08:05 660347                     /lib/x86_64-linux-gnu/libm-2.27.so
7f03ce4c7000-7f03ce640000 r-xp 00000000 08:05 3153369                    /usr/lib/x86_64-linux-gnu/libstdc++.so.6.0.25
7f03ce640000-7f03ce840000 ---p 00179000 08:05 3153369                    /usr/lib/x86_64-linux-gnu/libstdc++.so.6.0.25
7f03ce840000-7f03ce84a000 r--p 00179000 08:05 3153369                    /usr/lib/x86_64-linux-gnu/libstdc++.so.6.0.25
7f03ce84a000-7f03ce84c000 rw-p 00183000 08:05 3153369                    /usr/lib/x86_64-linux-gnu/libstdc++.so.6.0.25
7f03ce84c000-7f03ce850000 rw-p 00000000 00:00 0 
7f03ce850000-7f03cf4ed000 r-xp 00000000 08:05 3155684                    /usr/lib/jvm/java-8-openjdk-amd64/jre/lib/amd64/server/libjvm.so
7f03cf4ed000-7f03cf6ec000 ---p 00c9d000 08:05 3155684                    /usr/lib/jvm/java-8-openjdk-amd64/jre/lib/amd64/server/libjvm.so
7f03cf6ec000-7f03cf780000 r--p 00c9c000 08:05 3155684                    /usr/lib/jvm/java-8-openjdk-amd64/jre/lib/amd64/server/libjvm.so
7f03cf780000-7f03cf7a9000 rw-p 00d30000 08:05 3155684                    /usr/lib/jvm/java-8-openjdk-amd64/jre/lib/amd64/server/libjvm.so
7f03cf7a9000-7f03cf7d9000 rw-p 00000000 00:00 0 
7f03cf7d9000-7f03cf7f3000 r-xp 00000000 08:05 660417                     /lib/x86_64-linux-gnu/libpthread-2.27.so
7f03cf7f3000-7f03cf9f2000 ---p 0001a000 08:05 660417                     /lib/x86_64-linux-gnu/libpthread-2.27.so
7f03cf9f2000-7f03cf9f3000 r--p 00019000 08:05 660417                     /lib/x86_64-linux-gnu/libpthread-2.27.so
7f03cf9f3000-7f03cf9f4000 rw-p 0001a000 08:05 660417                     /lib/x86_64-linux-gnu/libpthread-2.27.so
7f03cf9f4000-7f03cf9f8000 rw-p 00000000 00:00 0 
7f03cf9f8000-7f03cf9fb000 r-xp 00000000 08:05 660307                     /lib/x86_64-linux-gnu/libdl-2.27.so
7f03cf9fb000-7f03cfbfa000 ---p 00003000 08:05 660307                     /lib/x86_64-linux-gnu/libdl-2.27.so
7f03cfbfa000-7f03cfbfb000 r--p 00002000 08:05 660307                     /lib/x86_64-linux-gnu/libdl-2.27.so
7f03cfbfb000-7f03cfbfc000 rw-p 00003000 08:05 660307                     /lib/x86_64-linux-gnu/libdl-2.27.so
7f03cfbfc000-7f03cfc18000 r-xp 00000000 08:05 660456                     /lib/x86_64-linux-gnu/libz.so.1.2.11
7f03cfc18000-7f03cfe17000 ---p 0001c000 08:05 660456                     /lib/x86_64-linux-gnu/libz.so.1.2.11
7f03cfe17000-7f03cfe18000 r--p 0001b000 08:05 660456                     /lib/x86_64-linux-gnu/libz.so.1.2.11
7f03cfe18000-7f03cfe19000 rw-p 0001c000 08:05 660456                     /lib/x86_64-linux-gnu/libz.so.1.2.11
7f03cfe19000-7f03d0000000 r-xp 00000000 08:05 660284                     /lib/x86_64-linux-gnu/libc-2.27.so
7f03d0000000-7f03d0200000 ---p 001e7000 08:05 660284                     /lib/x86_64-linux-gnu/libc-2.27.so
7f03d0200000-7f03d0204000 r--p 001e7000 08:05 660284                     /lib/x86_64-linux-gnu/libc-2.27.so
7f03d0204000-7f03d0206000 rw-p 001eb000 08:05 660284                     /lib/x86_64-linux-gnu/libc-2.27.so
7f03d0206000-7f03d020a000 rw-p 00000000 00:00 0 
7f03d020a000-7f03d0218000 r-xp 00000000 08:05 3154844                    /usr/lib/jvm/java-8-openjdk-amd64/jre/lib/amd64/jli/libjli.so
7f03d0218000-7f03d0417000 ---p 0000e000 08:05 3154844                    /usr/lib/jvm/java-8-openjdk-amd64/jre/lib/amd64/jli/libjli.so
7f03d0417000-7f03d0418000 r--p 0000d000 08:05 3154844                    /usr/lib/jvm/java-8-openjdk-amd64/jre/lib/amd64/jli/libjli.so
7f03d0418000-7f03d0419000 rw-p 0000e000 08:05 3154844                    /usr/lib/jvm/java-8-openjdk-amd64/jre/lib/amd64/jli/libjli.so
7f03d0419000-7f03d0440000 r-xp 00000000 08:05 660256                     /lib/x86_64-linux-gnu/ld-2.27.so
7f03d0440000-7f03d0442000 r--s 00001000 08:05 3155696                    /usr/lib/jvm/java-8-openjdk-amd64/jre/lib/ext/dnsns.jar
7f03d0442000-7f03d0526000 rw-p 00000000 00:00 0 
7f03d0526000-7f03d0527000 ---p 00000000 00:00 0 
7f03d0527000-7f03d052a000 ---p 00000000 00:00 0 
7f03d052a000-7f03d0629000 rw-p 00000000 00:00 0 
7f03d0629000-7f03d062a000 r--s 00000000 08:05 3155721                    /usr/lib/jvm/java-8-openjdk-amd64/jre/lib/management-agent.jar
7f03d062a000-7f03d062d000 r--s 0000f000 08:05 3155697                    /usr/lib/jvm/java-8-openjdk-amd64/jre/lib/ext/icedtea-sound.jar
7f03d062d000-7f03d062e000 r--s 0000a000 08:05 3155698                    /usr/lib/jvm/java-8-openjdk-amd64/jre/lib/ext/jaccess.jar
7f03d062e000-7f03d062f000 r--s 00010000 08:05 3155704                    /usr/lib/jvm/java-8-openjdk-amd64/jre/lib/ext/zipfs.jar
7f03d062f000-7f03d0632000 r--s 00039000 08:05 3155703                    /usr/lib/jvm/java-8-openjdk-amd64/jre/lib/ext/sunpkcs11.jar
7f03d0632000-7f03d0634000 r--s 00008000 08:05 3155701                    /usr/lib/jvm/java-8-openjdk-amd64/jre/lib/ext/sunec.jar
7f03d0634000-7f03d063c000 rw-s 00000000 08:05 131361                     /tmp/hsperfdata_ekta/13861
7f03d063c000-7f03d063d000 rw-p 00000000 00:00 0 
7f03d063d000-7f03d063e000 ---p 00000000 00:00 0 
7f03d063e000-7f03d0640000 rw-p 00000000 00:00 0 
7f03d0640000-7f03d0641000 r--p 00027000 08:05 660256                     /lib/x86_64-linux-gnu/ld-2.27.so
7f03d0641000-7f03d0642000 rw-p 00028000 08:05 660256                     /lib/x86_64-linux-gnu/ld-2.27.so
7f03d0642000-7f03d0643000 rw-p 00000000 00:00 0 
7ffef6b09000-7ffef6b2a000 rw-p 00000000 00:00 0                          [stack]
7ffef6bb4000-7ffef6bb7000 r--p 00000000 00:00 0                          [vvar]
7ffef6bb7000-7ffef6bb9000 r-xp 00000000 00:00 0                          [vdso]
ffffffffff600000-ffffffffff601000 r-xp 00000000 00:00 0                  [vsyscall]

VM Arguments:
jvm_args: -javaagent:/snap/intellij-idea-community/152/lib/idea_rt.jar=33155:/snap/intellij-idea-community/152/bin -Dfile.encoding=UTF-8 
java_command: Practice.CB_May.cookoff5
java_class_path (initial): /usr/lib/jvm/java-8-openjdk-amd64/jre/lib/charsets.jar:/usr/lib/jvm/java-8-openjdk-amd64/jre/lib/ext/cldrdata.jar:/usr/lib/jvm/java-8-openjdk-amd64/jre/lib/ext/dnsns.jar:/usr/lib/jvm/java-8-openjdk-amd64/jre/lib/ext/icedtea-sound.jar:/usr/lib/jvm/java-8-openjdk-amd64/jre/lib/ext/jaccess.jar:/usr/lib/jvm/java-8-openjdk-amd64/jre/lib/ext/localedata.jar:/usr/lib/jvm/java-8-openjdk-amd64/jre/lib/ext/nashorn.jar:/usr/lib/jvm/java-8-openjdk-amd64/jre/lib/ext/sunec.jar:/usr/lib/jvm/java-8-openjdk-amd64/jre/lib/ext/sunjce_provider.jar:/usr/lib/jvm/java-8-openjdk-amd64/jre/lib/ext/sunpkcs11.jar:/usr/lib/jvm/java-8-openjdk-amd64/jre/lib/ext/zipfs.jar:/usr/lib/jvm/java-8-openjdk-amd64/jre/lib/jce.jar:/usr/lib/jvm/java-8-openjdk-amd64/jre/lib/jsse.jar:/usr/lib/jvm/java-8-openjdk-amd64/jre/lib/management-agent.jar:/usr/lib/jvm/java-8-openjdk-amd64/jre/lib/resources.jar:/usr/lib/jvm/java-8-openjdk-amd64/jre/lib/rt.jar:/home/ekta/IdeaProjects/Crux/out/production/Crux:/snap/intellij-idea-community/152/lib/idea_rt.jar
Launcher Type: SUN_STANDARD

Environment Variables:
JAVA_HOME=/usr/lib/jvm/java-1.8.0-openjdk-amd64
PATH=/usr/local/sbin:/usr/local/bin:/usr/sbin:/usr/bin:/sbin:/bin:/usr/games:/usr/local/games:/snap/bin:/home/ekta/bin:/usr/lib/jvm/java-1.8.0-openjdk-amd64/bin
USERNAME=ekta
SHELL=/bin/bash
DISPLAY=:0

Signal Handlers:
SIGSEGV: [libjvm.so+0xab5000], sa_mask[0]=11111111011111111101111111111110, sa_flags=SA_RESTART|SA_SIGINFO
SIGBUS: [libjvm.so+0xab5000], sa_mask[0]=11111111011111111101111111111110, sa_flags=SA_RESTART|SA_SIGINFO
SIGFPE: [libjvm.so+0x8ea970], sa_mask[0]=11111111011111111101111111111110, sa_flags=SA_RESTART|SA_SIGINFO
SIGPIPE: [libjvm.so+0x8ea970], sa_mask[0]=11111111011111111101111111111110, sa_flags=SA_RESTART|SA_SIGINFO
SIGXFSZ: [libjvm.so+0x8ea970], sa_mask[0]=11111111011111111101111111111110, sa_flags=SA_RESTART|SA_SIGINFO
SIGILL: [libjvm.so+0x8ea970], sa_mask[0]=11111111011111111101111111111110, sa_flags=SA_RESTART|SA_SIGINFO
SIGUSR1: SIG_DFL, sa_mask[0]=00000000000000000000000000000000, sa_flags=none
SIGUSR2: [libjvm.so+0x8ea820], sa_mask[0]=00100000000000000000000000000000, sa_flags=SA_RESTART|SA_SIGINFO
SIGHUP: [libjvm.so+0x8eae90], sa_mask[0]=11111111011111111101111111111110, sa_flags=SA_RESTART|SA_SIGINFO
SIGINT: [libjvm.so+0x8eae90], sa_mask[0]=11111111011111111101111111111110, sa_flags=SA_RESTART|SA_SIGINFO
SIGTERM: [libjvm.so+0x8eae90], sa_mask[0]=11111111011111111101111111111110, sa_flags=SA_RESTART|SA_SIGINFO
SIGQUIT: [libjvm.so+0x8eae90], sa_mask[0]=11111111011111111101111111111110, sa_flags=SA_RESTART|SA_SIGINFO


---------------  S Y S T E M  ---------------

OS:DISTRIB_ID=Ubuntu
DISTRIB_RELEASE=18.04
DISTRIB_CODENAME=bionic
DISTRIB_DESCRIPTION="Ubuntu 18.04.2 LTS"

uname:Linux 4.18.0-22-generic #23~18.04.1-Ubuntu SMP Thu Jun 6 08:37:25 UTC 2019 x86_64
libc:glibc 2.27 NPTL 2.27 
rlimit: STACK 8192k, CORE 0k, NPROC 14953, NOFILE 1048576, AS infinity
load average:2.41 1.48 1.34

/proc/meminfo:
MemTotal:        3928860 kB
MemFree:          278556 kB
MemAvailable:     231088 kB
Buffers:            9980 kB
Cached:           359960 kB
SwapCached:         2916 kB
Active:          2653084 kB
Inactive:         663476 kB
Active(anon):    2609596 kB
Inactive(anon):   602260 kB
Active(file):      43488 kB
Inactive(file):    61216 kB
Unevictable:         352 kB
Mlocked:             352 kB
SwapTotal:       2097148 kB
SwapFree:             12 kB
Dirty:               332 kB
Writeback:             0 kB
AnonPages:       2945172 kB
Mapped:           245988 kB
Shmem:            264980 kB
Slab:             175324 kB
SReclaimable:      57188 kB
SUnreclaim:       118136 kB
KernelStack:       16976 kB
PageTables:        74172 kB
NFS_Unstable:          0 kB
Bounce:                0 kB
WritebackTmp:          0 kB
CommitLimit:     4061576 kB
Committed_AS:   12911500 kB
VmallocTotal:   34359738367 kB
VmallocUsed:           0 kB
VmallocChunk:          0 kB
HardwareCorrupted:     0 kB
AnonHugePages:         0 kB
ShmemHugePages:        0 kB
ShmemPmdMapped:        0 kB
CmaTotal:              0 kB
CmaFree:               0 kB
HugePages_Total:       0
HugePages_Free:        0
HugePages_Rsvd:        0
HugePages_Surp:        0
Hugepagesize:       2048 kB
Hugetlb:               0 kB
DirectMap4k:      320256 kB
DirectMap2M:     3764224 kB

container (cgroup) information:
container_type: cgroupv1
cpu_cpuset_cpus: 0-3
cpu_memory_nodes: 0
active_processor_count: 4
cpu_quota: -1
cpu_period: 100000
cpu_shares: -1
memory_limit_in_bytes: -1
memory_and_swap_limit_in_bytes: -2
memory_soft_limit_in_bytes: -1
memory_usage_in_bytes: 3462643712
memory_max_usage_in_bytes: 3682127872


CPU:total 4 (initial active 4) (2 cores per cpu, 2 threads per core) family 6 model 58 stepping 9, cmov, cx8, fxsr, mmx, sse, sse2, sse3, ssse3, sse4.1, sse4.2, popcnt, avx, aes, clmul, erms, ht, tsc, tscinvbit, tscinv

/proc/cpuinfo:
processor	: 0
vendor_id	: GenuineIntel
cpu family	: 6
model		: 58
model name	: Intel(R) Core(TM) i5-3230M CPU @ 2.60GHz
stepping	: 9
microcode	: 0x21
cpu MHz		: 1641.244
cache size	: 3072 KB
physical id	: 0
siblings	: 4
core id		: 0
cpu cores	: 2
apicid		: 0
initial apicid	: 0
fpu		: yes
fpu_exception	: yes
cpuid level	: 13
wp		: yes
flags		: fpu vme de pse tsc msr pae mce cx8 apic sep mtrr pge mca cmov pat pse36 clflush dts acpi mmx fxsr sse sse2 ss ht tm pbe syscall nx rdtscp lm constant_tsc arch_perfmon pebs bts rep_good nopl xtopology nonstop_tsc cpuid aperfmperf pni pclmulqdq dtes64 monitor ds_cpl vmx est tm2 ssse3 cx16 xtpr pdcm pcid sse4_1 sse4_2 x2apic popcnt tsc_deadline_timer aes xsave avx f16c rdrand lahf_lm cpuid_fault epb pti ssbd ibrs ibpb stibp tpr_shadow vnmi flexpriority ept vpid fsgsbase smep erms xsaveopt dtherm ida arat pln pts md_clear flush_l1d
bugs		: cpu_meltdown spectre_v1 spectre_v2 spec_store_bypass l1tf mds
bogomips	: 5188.20
clflush size	: 64
cache_alignment	: 64
address sizes	: 36 bits physical, 48 bits virtual
power management:

processor	: 1
vendor_id	: GenuineIntel
cpu family	: 6
model		: 58
model name	: Intel(R) Core(TM) i5-3230M CPU @ 2.60GHz
stepping	: 9
microcode	: 0x21
cpu MHz		: 1546.070
cache size	: 3072 KB
physical id	: 0
siblings	: 4
core id		: 0
cpu cores	: 2
apicid		: 1
initial apicid	: 1
fpu		: yes
fpu_exception	: yes
cpuid level	: 13
wp		: yes
flags		: fpu vme de pse tsc msr pae mce cx8 apic sep mtrr pge mca cmov pat pse36 clflush dts acpi mmx fxsr sse sse2 ss ht tm pbe syscall nx rdtscp lm constant_tsc arch_perfmon pebs bts rep_good nopl xtopology nonstop_tsc cpuid aperfmperf pni pclmulqdq dtes64 monitor ds_cpl vmx est tm2 ssse3 cx16 xtpr pdcm pcid sse4_1 sse4_2 x2apic popcnt tsc_deadline_timer aes xsave avx f16c rdrand lahf_lm cpuid_fault epb pti ssbd ibrs ibpb stibp tpr_shadow vnmi flexpriority ept vpid fsgsbase smep erms xsaveopt dtherm ida arat pln pts md_clear flush_l1d
bugs		: cpu_meltdown spectre_v1 spectre_v2 spec_store_bypass l1tf mds
bogomips	: 5188.20
clflush size	: 64
cache_alignment	: 64
address sizes	: 36 bits physical, 48 bits virtual
power management:

processor	: 2
vendor_id	: GenuineIntel
cpu family	: 6
model		: 58
model name	: Intel(R) Core(TM) i5-3230M CPU @ 2.60GHz
stepping	: 9
microcode	: 0x21
cpu MHz		: 1430.884
cache size	: 3072 KB
physical id	: 0
siblings	: 4
core id		: 1
cpu cores	: 2
apicid		: 2
initial apicid	: 2
fpu		: yes
fpu_exception	: yes
cpuid level	: 13
wp		: yes
flags		: fpu vme de pse tsc msr pae mce cx8 apic sep mtrr pge mca cmov pat pse36 clflush dts acpi mmx fxsr sse sse2 ss ht tm pbe syscall nx rdtscp lm constant_tsc arch_perfmon pebs bts rep_good nopl xtopology nonstop_tsc cpuid aperfmperf pni pclmulqdq dtes64 monitor ds_cpl vmx est tm2 ssse3 cx16 xtpr pdcm pcid sse4_1 sse4_2 x2apic popcnt tsc_deadline_timer aes xsave avx f16c rdrand lahf_lm cpuid_fault epb pti ssbd ibrs ibpb stibp tpr_shadow vnmi flexpriority ept vpid fsgsbase smep erms xsaveopt dtherm ida arat pln pts md_clear flush_l1d
bugs		: cpu_meltdown spectre_v1 spectre_v2 spec_store_bypass l1tf mds
bogomips	: 5188.20
clflush size	: 64
cache_alignment	: 64
address sizes	: 36 bits physical, 48 bits virtual
power management:

processor	: 3
vendor_id	: GenuineIntel
cpu family	: 6
model		: 58
model name	: Intel(R) Core(TM) i5-3230M CPU @ 2.60GHz
stepping	: 9
microcode	: 0x21
cpu MHz		: 1779.822
cache size	: 3072 KB
physical id	: 0
siblings	: 4
core id		: 1
cpu cores	: 2
apicid		: 3
initial apicid	: 3
fpu		: yes
fpu_exception	: yes
cpuid level	: 13
wp		: yes
flags		: fpu vme de pse tsc msr pae mce cx8 apic sep mtrr pge mca cmov pat pse36 clflush dts acpi mmx fxsr sse sse2 ss ht tm pbe syscall nx rdtscp lm constant_tsc arch_perfmon pebs bts rep_good nopl xtopology nonstop_tsc cpuid aperfmperf pni pclmulqdq dtes64 monitor ds_cpl vmx est tm2 ssse3 cx16 xtpr pdcm pcid sse4_1 sse4_2 x2apic popcnt tsc_deadline_timer aes xsave avx f16c rdrand lahf_lm cpuid_fault epb pti ssbd ibrs ibpb stibp tpr_shadow vnmi flexpriority ept vpid fsgsbase smep erms xsaveopt dtherm ida arat pln pts md_clear flush_l1d
bugs		: cpu_meltdown spectre_v1 spectre_v2 spec_store_bypass l1tf mds
bogomips	: 5188.20
clflush size	: 64
cache_alignment	: 64
address sizes	: 36 bits physical, 48 bits virtual
power management:



Memory: 4k page, physical 3928860k(278424k free), swap 2097148k(12k free)

vm_info: OpenJDK 64-Bit Server VM (25.212-b03) for linux-amd64 JRE (1.8.0_212-8u212-b03-0ubuntu1.18.04.1-b03), built on Apr 26 2019 01:04:36 by "buildd" with gcc 7.3.0

time: Sun Jun 23 23:13:34 2019
timezone: IST
elapsed time: 23 seconds (0d 0h 0m 23s)

